<?xml version="1.0" encoding="UTF-8" ?>
<testsuite errors="0" failures="0" hostname="Leela-PC" name="cbook.CbookIntegrationTestTests" tests="1" time="0.405" timestamp="2012-02-08T19:23:11">
  <properties />
  <testcase classname="cbook.CbookIntegrationTestTests" name="testSomething" time="0.327" />
  <system-out><![CDATA[--Output from testSomething--
]]></system-out>
  <system-err><![CDATA[--Output from testSomething--
]]></system-err>
</testsuite>
